<dependency>
    <groupId>org.testingisdocumenting.webtau</groupId>
    <artifactId>webtau-junit4</artifactId>
    <version>${project.version}</version>
</dependency>